31-03-2018 17:34:46 0 Information User profile is available. Using 'C:\Users\loh\AppData\Local\ASP.NET\DataProtection-Keys' as key repository and Windows DPAPI to encrypt keys at rest.
31-03-2018 17:34:48 1 Information Request starting HTTP/1.1 GET http://localhost:49628/  
3/31/2018 5:34:49 PM 1 Information Executing action method TicTacToe.Controllers.HomeController.Index (TicTacToe) with arguments ((null)) - ModelState is Valid
3/31/2018 5:34:54 PM 1 Information Executing ViewResult, running view at path /Views/Home/Index.cshtml.
3/31/2018 5:34:56 PM 2 Information Executed action TicTacToe.Controllers.HomeController.Index (TicTacToe) in 6898.7479ms
31-03-2018 17:34:56 2 Information Request finished in 7536.9735ms 200 text/html; charset=utf-8
31-03-2018 17:34:56 1 Information Request starting HTTP/1.1 GET http://localhost:49628/favicon.ico  
31-03-2018 17:34:56 2 Information Request finished in 27.2511ms 404 text/plain
31-03-2018 17:35:01 1 Information Request starting HTTP/1.1 GET http://localhost:49628/Leaderboard  
3/31/2018 5:35:01 PM 1 Information Executing action method TicTacToe.Controllers.LeaderboardController.Index (TicTacToe) with arguments ((null)) - ModelState is Valid
3/31/2018 5:35:01 PM 1 Information Executing ViewResult, running view at path /Views/Leaderboard/Index.cshtml.
3/31/2018 5:35:01 PM 2 Information Executed action TicTacToe.Controllers.LeaderboardController.Index (TicTacToe) in 559.4426ms
31-03-2018 17:35:01 2 Information Request finished in 626.9779ms 200 text/html; charset=utf-8
31-03-2018 17:35:07 1 Information Request starting HTTP/1.1 GET http://localhost:49628/Home/SetCulture?culture=DA  
31-03-2018 17:35:07 1 Information Executing action method TicTacToe.Controllers.HomeController.SetCulture (TicTacToe) with arguments (DA) - ModelState is Valid
31-03-2018 17:35:07 1 Information Executing RedirectResult, redirecting to /.
31-03-2018 17:35:07 2 Information Executed action TicTacToe.Controllers.HomeController.SetCulture (TicTacToe) in 93.782ms
31-03-2018 17:35:07 3 Information Session started; Key:046f95c9-3275-0b2c-3294-df58fd1aab30, Id:e2d77140-cc64-3175-eecb-bf623ee70bcc
31-03-2018 17:35:07 2 Information Request finished in 452.201ms 302 
31-03-2018 17:35:07 1 Information Request starting HTTP/1.1 GET http://localhost:49628/  
31-03-2018 17:35:07 1 Information Executing action method TicTacToe.Controllers.HomeController.Index (TicTacToe) with arguments ((null)) - ModelState is Valid
31-03-2018 17:35:07 1 Information Executing ViewResult, running view at path /Views/Home/Index.cshtml.
31-03-2018 17:35:08 2 Information Executed action TicTacToe.Controllers.HomeController.Index (TicTacToe) in 54.9763ms
31-03-2018 17:35:08 2 Information Request finished in 147.3593ms 200 text/html; charset=utf-8
31-03-2018 17:35:09 1 Information Request starting HTTP/1.1 GET http://localhost:49628/Leaderboard  
31-03-2018 17:35:09 1 Information Executing action method TicTacToe.Controllers.LeaderboardController.Index (TicTacToe) with arguments ((null)) - ModelState is Valid
31-03-2018 17:35:09 1 Information Executing ViewResult, running view at path /Views/Leaderboard/Index.cshtml.
31-03-2018 17:35:09 2 Information Executed action TicTacToe.Controllers.LeaderboardController.Index (TicTacToe) in 42.3013ms
31-03-2018 17:35:09 2 Information Request finished in 73.0639ms 200 text/html; charset=utf-8
31-03-2018 17:35:13 1 Information Request starting HTTP/1.1 GET http://localhost:49628/Leaderboard  
31-03-2018 17:35:13 1 Information Executing action method TicTacToe.Controllers.LeaderboardController.Index (TicTacToe) with arguments ((null)) - ModelState is Valid
31-03-2018 17:35:13 1 Information Executing ViewResult, running view at path /Views/Leaderboard/Index.cshtml.
31-03-2018 17:35:13 2 Information Executed action TicTacToe.Controllers.LeaderboardController.Index (TicTacToe) in 36.0515ms
31-03-2018 17:35:13 2 Information Request finished in 95.2463ms 200 text/html; charset=utf-8
31-03-2018 17:35:15 1 Information Request starting HTTP/1.1 GET http://localhost:49628/  
31-03-2018 17:35:15 1 Information Executing action method TicTacToe.Controllers.HomeController.Index (TicTacToe) with arguments ((null)) - ModelState is Valid
31-03-2018 17:35:15 1 Information Executing ViewResult, running view at path /Views/Home/Index.cshtml.
31-03-2018 17:35:15 2 Information Executed action TicTacToe.Controllers.HomeController.Index (TicTacToe) in 85.7982ms
31-03-2018 17:35:15 2 Information Request finished in 204.0883ms 200 text/html; charset=utf-8
