31-03-2018 14:41:54 0 Information User profile is available. Using 'C:\Users\loh\AppData\Local\ASP.NET\DataProtection-Keys' as key repository and Windows DPAPI to encrypt keys at rest.
31-03-2018 14:41:56 1 Information Request starting HTTP/1.1 GET http://localhost:49628/  
3/31/2018 2:41:57 PM 1 Information Executing action method TicTacToe.Controllers.HomeController.Index (TicTacToe) with arguments ((null)) - ModelState is Valid
3/31/2018 2:42:01 PM 1 Information Executing ViewResult, running view at path /Views/Home/Index.cshtml.
3/31/2018 2:42:03 PM 2 Information Executed action TicTacToe.Controllers.HomeController.Index (TicTacToe) in 6228.3733ms
31-03-2018 14:42:03 2 Information Request finished in 6995.069ms 200 text/html; charset=utf-8
31-03-2018 14:42:03 1 Information Request starting HTTP/1.1 GET http://localhost:49628/favicon.ico  
31-03-2018 14:42:03 2 Information Request finished in 26.9132ms 404 text/plain
31-03-2018 14:42:08 1 Information Request starting HTTP/1.1 GET http://localhost:49628/Home/SetCulture?culture=DA  
31-03-2018 14:42:08 1 Information Executing action method TicTacToe.Controllers.HomeController.SetCulture (TicTacToe) with arguments (DA) - ModelState is Valid
31-03-2018 14:42:08 1 Information Executing RedirectResult, redirecting to /.
31-03-2018 14:42:08 2 Information Executed action TicTacToe.Controllers.HomeController.SetCulture (TicTacToe) in 69.8669ms
31-03-2018 14:42:09 3 Information Session started; Key:e2f57768-b01f-8cf0-9153-5b9554fd1316, Id:2f326de9-8f78-a14d-bff6-2fd8c063290a
31-03-2018 14:42:09 2 Information Request finished in 447.1646ms 302 
31-03-2018 14:42:09 1 Information Request starting HTTP/1.1 GET http://localhost:49628/  
31-03-2018 14:42:09 1 Information Executing action method TicTacToe.Controllers.HomeController.Index (TicTacToe) with arguments ((null)) - ModelState is Valid
31-03-2018 14:42:09 1 Information Executing ViewResult, running view at path /Views/Home/Index.cshtml.
31-03-2018 14:42:09 2 Information Executed action TicTacToe.Controllers.HomeController.Index (TicTacToe) in 101.9176ms
31-03-2018 14:42:09 2 Information Request finished in 307.0753ms 200 text/html; charset=utf-8
31-03-2018 14:42:11 1 Information Request starting HTTP/1.1 GET http://localhost:49628/NewUser  
31-03-2018 14:42:11 10 Information Request was rewritten to /UserRegistration/Index
31-03-2018 14:42:11 1 Information Executing action method TicTacToe.Controllers.UserRegistrationController.Index (TicTacToe) with arguments ((null)) - ModelState is Valid
31-03-2018 14:42:13 1 Information Executing ViewResult, running view at path /Views/UserRegistration/Index.cshtml.
31-03-2018 14:42:13 2 Information Executed action TicTacToe.Controllers.UserRegistrationController.Index (TicTacToe) in 1246.0096ms
31-03-2018 14:42:13 2 Information Request finished in 1303.2259ms 200 text/html; charset=utf-8
31-03-2018 14:42:17 1 Information Request starting HTTP/1.1 POST http://localhost:49628/UserRegistration application/x-www-form-urlencoded 220
31-03-2018 14:42:18 1 Information Executing action method TicTacToe.Controllers.UserRegistrationController.Index (TicTacToe) with arguments (TicTacToe.Models.UserModel) - ModelState is Invalid
31-03-2018 14:42:18 1 Information Executing ViewResult, running view at path /Views/UserRegistration/Index.cshtml.
31-03-2018 14:42:18 2 Information Executed action TicTacToe.Controllers.UserRegistrationController.Index (TicTacToe) in 78.9178ms
31-03-2018 14:42:18 2 Information Request finished in 208.8495ms 200 text/html; charset=utf-8
