01-04-2018 19:45:13 0 Information User profile is available. Using 'C:\Users\loh\AppData\Local\ASP.NET\DataProtection-Keys' as key repository and Windows DPAPI to encrypt keys at rest.
01-04-2018 19:45:15 1 Information Request starting HTTP/1.1 GET http://localhost:49628/  
4/1/2018 7:45:16 PM 1 Information Executing action method TicTacToe.Controllers.HomeController.Index (TicTacToe) with arguments ((null)) - ModelState is Valid
4/1/2018 7:45:21 PM 1 Information Executing ViewResult, running view at path /Views/Home/Index.cshtml.
4/1/2018 7:45:23 PM 2 Information Executed action TicTacToe.Controllers.HomeController.Index (TicTacToe) in 7678.6121ms
01-04-2018 19:45:23 1 Information Request starting HTTP/1.1 GET http://localhost:49628/css/site.css  
01-04-2018 19:45:23 6 Information The file /css/site.css was not modified
01-04-2018 19:45:23 2 Information Request finished in 8372.9585ms 200 text/html; charset=utf-8
01-04-2018 19:45:23 2 Information Request finished in 58.3747ms 304 text/css
01-04-2018 19:45:23 1 Information Request starting HTTP/1.1 GET http://localhost:49628/favicon.ico  
01-04-2018 19:45:24 2 Information Request finished in 256.2227ms 404 text/plain
01-04-2018 19:45:28 1 Information Request starting HTTP/1.1 GET http://localhost:49628/NewUser  
01-04-2018 19:45:28 10 Information Request was rewritten to /UserRegistration/Index
4/1/2018 7:45:28 PM 1 Information Executing action method TicTacToe.Controllers.UserRegistrationController.Index (TicTacToe) with arguments ((null)) - ModelState is Valid
4/1/2018 7:45:29 PM 1 Information Executing ViewResult, running view at path /Views/UserRegistration/Index.cshtml.
4/1/2018 7:45:29 PM 2 Information Executed action TicTacToe.Controllers.UserRegistrationController.Index (TicTacToe) in 1271.6121ms
01-04-2018 19:45:29 2 Information Request finished in 1347.9418ms 200 text/html; charset=utf-8
01-04-2018 19:45:42 1 Information Request starting HTTP/1.1 POST http://localhost:49628/UserRegistration application/x-www-form-urlencoded 263
4/1/2018 7:45:42 PM 1 Information Executing action method TicTacToe.Controllers.UserRegistrationController.Index (TicTacToe) with arguments (TicTacToe.Models.UserModel) - ModelState is Valid
4/1/2018 7:45:42 PM 1 Information Executing RedirectResult, redirecting to /UserRegistration/EmailConfirmation?Email=lhoepfner@gmail.com.
4/1/2018 7:45:42 PM 2 Information Executed action TicTacToe.Controllers.UserRegistrationController.Index (TicTacToe) in 95.0543ms
01-04-2018 19:45:42 2 Information Request finished in 202.0903ms 302 
01-04-2018 19:45:42 1 Information Request starting HTTP/1.1 GET http://localhost:49628/UserRegistration/EmailConfirmation?Email=lhoepfner@gmail.com  
4/1/2018 7:45:42 PM 1 Information Executing action method TicTacToe.Controllers.UserRegistrationController.EmailConfirmation (TicTacToe) with arguments (lhoepfner@gmail.com) - ModelState is Valid
4/1/2018 7:45:42 PM 0 Information ##Start## Email confirmation process for lhoepfner@gmail.com
4/1/2018 7:45:43 PM 0 Information ##Start sendEmail## Start sending Email to lhoepfner@gmail.com
4/1/2018 7:45:44 PM 0 Error Cannot send email System.Net.Mail.SmtpException: Failure sending mail. ---> System.Net.Internals.SocketExceptionFactory+ExtendedSocketException: Der kunne ikke oprettes forbindelse, fordi destinationscomputeren aktivt nægtede det 127.0.0.1:25
   at System.Net.Sockets.Socket.DoConnect(EndPoint endPointSnapshot, SocketAddress socketAddress)
   at System.Net.Sockets.Socket.Connect(EndPoint remoteEP)
   at System.Net.Sockets.TcpClient.Connect(IPEndPoint remoteEP)
   at System.Net.Sockets.TcpClient.Connect(String hostname, Int32 port)
--- End of stack trace from previous location where exception was thrown ---
   at System.Runtime.ExceptionServices.ExceptionDispatchInfo.Throw()
   at System.Net.Sockets.TcpClient.Connect(String hostname, Int32 port)
   at System.Net.Mail.SmtpConnection.GetConnection(String host, Int32 port)
   at System.Net.Mail.SmtpTransport.GetConnection(String host, Int32 port)
   at System.Net.Mail.SmtpClient.GetConnection()
   at System.Net.Mail.SmtpClient.Send(MailMessage message)
   --- End of inner exception stack trace ---
   at System.Net.Mail.SmtpClient.Send(MailMessage message)
   at TicTacToe.Services.EmailService.SendEmail(String emailTo, String subject, String message) in C:\Users\loh\Documents\projects\WebProgrammingBackend\TicTacToe\TicTacToe\TicTacToe\Services\EmailService.cs:line 37
4/1/2018 7:45:45 PM 1 Information Executing ViewResult, running view at path /Views/UserRegistration/EmailConfirmation.cshtml.
4/1/2018 7:45:45 PM 2 Information Executed action TicTacToe.Controllers.UserRegistrationController.EmailConfirmation (TicTacToe) in 2886.6839ms
01-04-2018 19:45:45 2 Information Request finished in 3313.2926ms 200 text/html; charset=utf-8
01-04-2018 19:45:50 1 Information Request starting HTTP/1.1 GET http://localhost:49628/CheckEmailConfirmationStatus  
01-04-2018 19:45:50 1 Information Request starting HTTP/1.1 GET http://localhost:49628/GameInvitation?email=lhoepfner@gmail.com  
4/1/2018 7:45:50 PM 1 Information Executing action method TicTacToe.Controllers.GameInvitationController.Index (TicTacToe) with arguments (lhoepfner@gmail.com) - ModelState is Valid
01-04-2018 19:45:50 2 Information Request finished in 703.5503ms 101 
4/1/2018 7:45:50 PM 1 Information Executing ViewResult, running view at path /Views/GameInvitation/Index.cshtml.
4/1/2018 7:45:51 PM 2 Information Executed action TicTacToe.Controllers.GameInvitationController.Index (TicTacToe) in 1314.1379ms
01-04-2018 19:45:51 3 Information Session started; Key:ab55a269-aa3a-e14b-0616-973935645e5e, Id:d5ee160f-6032-6233-e8ef-d69552e49b22
01-04-2018 19:45:51 2 Information Request finished in 1425.3368ms 200 text/html; charset=utf-8
01-04-2018 19:46:11 1 Information Request starting HTTP/1.1 GET http://localhost:49628/lib/bootstrap/dist/css/bootstrap.css.map  
01-04-2018 19:46:11 2 Information Sending file. Request path: '/lib/bootstrap/dist/css/bootstrap.css.map'. Physical path: 'C:\Users\loh\Documents\projects\WebProgrammingBackend\TicTacToe\TicTacToe\TicTacToe\wwwroot\lib\bootstrap\dist\css\bootstrap.css.map'
01-04-2018 19:46:11 2 Information Request finished in 190.3407ms 200 text/plain
